spec/controllers/errors_controller_spec.rb:0.3327540000900626
spec/controllers/events/courses_controllers_spec.rb:0.11170200002379715
spec/helpers/flags_helper_spec.rb:0.015968000050634146
spec/models/bilge_file_spec.rb:0.5868919999338686
spec/models/committee_spec.rb:0.3089089998975396
spec/models/member_applicant_spec.rb:0.1000399999320507
spec/models/registration_spec.rb:6.673031999962404
spec/controllers/public_controller_spec.rb:1.461731000104919
spec/helpers/events_helper_spec.rb:2.177572999848053
spec/helpers/markdown_helper_spec.rb:0.13086599996313453
spec/mailers/nominations_mailer_spec.rb:0.27080299984663725
spec/models/bridge_office_spec.rb:0.7621460000518709
spec/models/header_image_spec.rb:3.6103900000452995
spec/models/import_log_spec.rb:0.04024600004777312
spec/models/location_spec.rb:0.19007200002670288
spec/models/static_page_spec.rb:0.10092899994924664
spec/controllers/events/seminars_controllers_spec.rb:0.06533299991860986
spec/lib/bps/pdf/roster_spec.rb:4.381847999989986
spec/mailers/generic_payment_mailer_spec.rb:0.18241799995303154
spec/mailers/notifications_mailer_spec.rb:0.9034410000313073
spec/mailers/receipt_mailer_spec.rb:2.4916870000306517
spec/models/announcement_file_spec.rb:0.236928999889642
spec/models/event_type_spec.rb:0.1466810000129044
spec/models/generic_payment_spec.rb:0.12852300005033612
spec/models/promo_code_spec.rb:0.47744400007650256
spec/controllers/events/events_controllers_spec.rb:0.0360379999037832
spec/lib/bps/invalidation_spec.rb:0.15440799994394183
spec/mailers/otw_mailer_spec.rb:0.3651219999883324
spec/models/course_completion_spec.rb:0.10643200017511845
spec/models/otw_training_spec.rb:0.036915000062435865
spec/models/payment_spec.rb:8.365773000055924
spec/models/event_spec.rb:9.824474999913946
spec/helpers/date_helper_spec.rb:0.048996000085026026
spec/helpers/registration_helper_spec.rb:2.7551329999696463
spec/lib/bps/pdf/receipt_spec.rb:3.0207799999043345
spec/models/api_token_spec.rb:0.3803679998964071
spec/models/minutes_file_spec.rb:0.5301569998264313
spec/models/role_spec.rb:0.10130199999548495
spec/models/roster/award_recipient_spec.rb:0.24534799996763468
spec/models/standing_committee_office_spec.rb:0.4541929999832064
spec/services/import_users_spec.rb:2.8972109998576343
spec/helpers/navigation_helper_spec.rb:0.06275599985383451
spec/mailers/member_application_mailer_spec.rb:2.5300950000528246
spec/models/float_plan_spec.rb:1.9231449998915195
spec/models/member_application_spec.rb:0.6426039999350905
spec/models/persistent_api_token_spec.rb:0.4291199999861419
spec/models/roster/archive_file_spec.rb:0.32602400006726384
spec/models/roster/past_commander_spec.rb:0.1355099999345839
spec/models/user_spec.rb:4.871887999819592
spec/helpers/bridge_helper_spec.rb:0.33658800018019974
spec/helpers/calendar_helper_spec.rb:0.00546699995175004
spec/helpers/view_helper_spec.rb:0.5792559999972582
spec/lib/bps/code_list_spec.rb:0.015418000053614378
spec/lib/bps/pdf/education_certificate_spec.rb:53.76405599992722
spec/lib/bps/s3_spec.rb:0.08148499997332692
spec/mailers/registration_mailer_spec.rb:5.036920999875292
spec/models/album_spec.rb:0.327381000155583
spec/models/user_role_spec.rb:0.08240199997089803
